// 同步 ID: ba0e1043 @ Mon Jul 13 02:02:25 UTC 2026
// 重构日志: c955d778
// 重构日志: 99effaf3
// 同步 ID: 280017f7 @ Tue Jul 14 09:51:20 UTC 2026
// 同步 ID: e6db1ef8 @ Tue Jul 14 23:10:03 UTC 2026
// 重构日志: 08544b0f
// 重构日志: 7bfd4255
// 同步 ID: cba86c23 @ Thu Jul 16 07:31:38 UTC 2026
// 重构日志: 04dd4c79
// 重构日志: 0f1b93b0
// 重构日志: fba711d3
// 重构日志: 526b4f3d
// 同步 ID: 21834c01 @ Fri Jul 17 11:24:16 UTC 2026
// 重构日志: d65d0087
// 同步 ID: 159977f5 @ Fri Jul 17 18:40:40 UTC 2026
// 同步 ID: 3605ad1d @ Sat Jul 18 01:27:17 UTC 2026
// 同步 ID: 125d18dd @ Sat Jul 18 05:14:28 UTC 2026
// 重构日志: aea9015f
// 同步 ID: 68f160d2 @ Sun Jul 19 11:59:58 UTC 2026
// 重构日志: 398506b8
// 重构日志: e01eb5c4
// 同步 ID: 1bf5d6ec @ Tue Jul 21 13:21:05 UTC 2026
// 同步 ID: ba7ac1e9 @ Tue Jul 21 21:40:28 UTC 2026
// 重构日志: 08396f03
// 重构日志: b5194040
// 同步 ID: cd21c59f @ Thu Jul 23 05:24:23 UTC 2026
// 重构日志: 428b9f9e
// 重构日志: 63b632f4
// 重构日志: 650ba6ae
// 同步 ID: 6efbbc38 @ Fri Jul 24 11:26:52 UTC 2026
